update-alternatives 2017-04-11 14:43:41: run with --quiet --install /usr/bin/awk awk /usr/bin/mawk 5 --slave /usr/share/man/man1/awk.1.gz awk.1.gz /usr/share/man/man1/mawk.1.gz --slave /usr/bin/nawk nawk /usr/bin/mawk --slave /usr/share/man/man1/nawk.1.gz nawk.1.gz /usr/share/man/man1/mawk.1.gz
update-alternatives 2017-04-11 14:43:41: link group awk updated to point to /usr/bin/mawk
update-alternatives 2017-04-11 14:44:00: run with --quiet --install /usr/bin/awk awk /usr/bin/mawk 5 --slave /usr/share/man/man1/awk.1.gz awk.1.gz /usr/share/man/man1/mawk.1.gz --slave /usr/bin/nawk nawk /usr/bin/mawk --slave /usr/share/man/man1/nawk.1.gz nawk.1.gz /usr/share/man/man1/mawk.1.gz
update-alternatives 2017-04-11 14:44:04: run with --install /usr/sbin/rmt rmt /usr/sbin/rmt-tar 50 --slave /usr/share/man/man8/rmt.8.gz rmt.8.gz /usr/share/man/man8/rmt-tar.8.gz
update-alternatives 2017-04-11 14:44:04: link group rmt updated to point to /usr/sbin/rmt-tar
update-alternatives 2017-04-11 14:44:07: run with --install /usr/share/man/man7/builtins.7.gz builtins.7.gz /usr/share/man/man7/bash-builtins.7.gz 10
update-alternatives 2017-04-11 14:44:07: link group builtins.7.gz updated to point to /usr/share/man/man7/bash-builtins.7.gz
update-alternatives 2017-04-11 14:44:09: run with --install /usr/bin/pager pager /bin/more 50 --slave /usr/share/man/man1/pager.1.gz pager.1.gz /usr/share/man/man1/more.1.gz
update-alternatives 2017-04-11 14:44:09: link group pager updated to point to /bin/more
update-alternatives 2017-04-11 14:44:09: run with --install /usr/bin/pager pager /usr/bin/pg 10 --slave /usr/share/man/man1/pager.1.gz pager.1.gz /usr/share/man/man1/pg.1.gz
update-alternatives 2017-04-11 14:44:09: run with --install /usr/bin/w w /usr/bin/w.procps 50 --slave /usr/share/man/man1/w.1.gz w.1.gz /usr/share/man/man1/w.procps.1.gz
update-alternatives 2017-04-11 14:44:09: link group w updated to point to /usr/bin/w.procps
update-alternatives 2017-04-11 14:45:01: run with --install /bin/mt mt /bin/mt-gnu 10 --slave /usr/share/man/man1/mt.1.gz mt.1.gz /usr/share/man/man1/mt-gnu.1.gz
update-alternatives 2017-04-11 14:45:01: link group mt updated to point to /bin/mt-gnu
update-alternatives 2017-04-11 14:45:01: run with --quiet --install /usr/bin/pager pager /bin/less 77 --slave /usr/share/man/man1/pager.1.gz pager.1.gz /usr/share/man/man1/less.1.gz
update-alternatives 2017-04-11 14:45:01: link group pager updated to point to /bin/less
update-alternatives 2017-04-11 14:45:01: run with --quiet --remove pager /usr/bin/less
update-alternatives 2017-04-11 14:45:01: run with --quiet --install /usr/bin/pager pager /bin/less 77 --slave /usr/share/man/man1/pager.1.gz pager.1.gz /usr/share/man/man1/less.1.gz
update-alternatives 2017-04-11 14:45:01: run with --quiet --remove pager /usr/bin/less
update-alternatives 2017-04-11 14:45:02: run with --install /bin/nc nc /bin/nc.openbsd 50 --slave /bin/netcat netcat /bin/nc.openbsd --slave /usr/share/man/man1/nc.1.gz nc.1.gz /usr/share/man/man1/nc_openbsd.1.gz --slave /usr/share/man/man1/netcat.1.gz netcat.1.gz /usr/share/man/man1/nc_openbsd.1.gz
update-alternatives 2017-04-11 14:45:02: link group nc updated to point to /bin/nc.openbsd
update-alternatives 2017-04-11 14:45:04: run with --install /usr/bin/rview rview /usr/bin/vim.tiny 10
update-alternatives 2017-04-11 14:45:04: link group rview updated to point to /usr/bin/vim.tiny
update-alternatives 2017-04-11 14:45:04: run with --install /usr/bin/vi vi /usr/bin/vim.tiny 10 --slave /usr/share/man/fr/man1/vi.1.gz vi.fr.1.gz /usr/share/man/fr/man1/vim.1.gz --slave /usr/share/man/it/man1/vi.1.gz vi.it.1.gz /usr/share/man/it/man1/vim.1.gz --slave /usr/share/man/pl/man1/vi.1.gz vi.pl.1.gz /usr/share/man/pl/man1/vim.1.gz --slave /usr/share/man/ru/man1/vi.1.gz vi.ru.1.gz /usr/share/man/ru/man1/vim.1.gz --slave /usr/share/man/ja/man1/vi.1.gz vi.ja.1.gz /usr/share/man/ja/man1/vim.1.gz --slave /usr/share/man/man1/vi.1.gz vi.1.gz /usr/share/man/man1/vim.1.gz
update-alternatives 2017-04-11 14:45:04: link group vi updated to point to /usr/bin/vim.tiny
update-alternatives 2017-04-11 14:45:04: run with --install /usr/bin/view view /usr/bin/vim.tiny 10 --slave /usr/share/man/fr/man1/view.1.gz view.fr.1.gz /usr/share/man/fr/man1/vim.1.gz --slave /usr/share/man/it/man1/view.1.gz view.it.1.gz /usr/share/man/it/man1/vim.1.gz --slave /usr/share/man/pl/man1/view.1.gz view.pl.1.gz /usr/share/man/pl/man1/vim.1.gz --slave /usr/share/man/ru/man1/view.1.gz view.ru.1.gz /usr/share/man/ru/man1/vim.1.gz --slave /usr/share/man/ja/man1/view.1.gz view.ja.1.gz /usr/share/man/ja/man1/vim.1.gz --slave /usr/share/man/man1/view.1.gz view.1.gz /usr/share/man/man1/vim.1.gz
update-alternatives 2017-04-11 14:45:04: link group view updated to point to /usr/bin/vim.tiny
update-alternatives 2017-04-11 14:45:04: run with --install /usr/bin/ex ex /usr/bin/vim.tiny 10 --slave /usr/share/man/fr/man1/ex.1.gz ex.fr.1.gz /usr/share/man/fr/man1/vim.1.gz --slave /usr/share/man/it/man1/ex.1.gz ex.it.1.gz /usr/share/man/it/man1/vim.1.gz --slave /usr/share/man/pl/man1/ex.1.gz ex.pl.1.gz /usr/share/man/pl/man1/vim.1.gz --slave /usr/share/man/ru/man1/ex.1.gz ex.ru.1.gz /usr/share/man/ru/man1/vim.1.gz --slave /usr/share/man/ja/man1/ex.1.gz ex.ja.1.gz /usr/share/man/ja/man1/vim.1.gz --slave /usr/share/man/man1/ex.1.gz ex.1.gz /usr/share/man/man1/vim.1.gz
update-alternatives 2017-04-11 14:45:04: link group ex updated to point to /usr/bin/vim.tiny
update-alternatives 2017-04-11 14:45:04: run with --install /usr/bin/editor editor /usr/bin/vim.tiny 10 --slave /usr/share/man/fr/man1/editor.1.gz editor.fr.1.gz /usr/share/man/fr/man1/vim.1.gz --slave /usr/share/man/it/man1/editor.1.gz editor.it.1.gz /usr/share/man/it/man1/vim.1.gz --slave /usr/share/man/pl/man1/editor.1.gz editor.pl.1.gz /usr/share/man/pl/man1/vim.1.gz --slave /usr/share/man/ru/man1/editor.1.gz editor.ru.1.gz /usr/share/man/ru/man1/vim.1.gz --slave /usr/share/man/ja/man1/editor.1.gz editor.ja.1.gz /usr/share/man/ja/man1/vim.1.gz --slave /usr/share/man/man1/editor.1.gz editor.1.gz /usr/share/man/man1/vim.1.gz
update-alternatives 2017-04-11 14:45:04: link group editor updated to point to /usr/bin/vim.tiny
update-alternatives 2017-04-11 14:45:06: run with --install /usr/bin/vim vim /usr/bin/vim.basic 30
update-alternatives 2017-04-11 14:45:06: link group vim updated to point to /usr/bin/vim.basic
update-alternatives 2017-04-11 14:45:06: run with --install /usr/bin/vimdiff vimdiff /usr/bin/vim.basic 30
update-alternatives 2017-04-11 14:45:06: link group vimdiff updated to point to /usr/bin/vim.basic
update-alternatives 2017-04-11 14:45:06: run with --install /usr/bin/rvim rvim /usr/bin/vim.basic 30
update-alternatives 2017-04-11 14:45:06: link group rvim updated to point to /usr/bin/vim.basic
update-alternatives 2017-04-11 14:45:06: run with --install /usr/bin/rview rview /usr/bin/vim.basic 30
update-alternatives 2017-04-11 14:45:06: link group rview updated to point to /usr/bin/vim.basic
update-alternatives 2017-04-11 14:45:06: run with --install /usr/bin/vi vi /usr/bin/vim.basic 30 --slave /usr/share/man/fr/man1/vi.1.gz vi.fr.1.gz /usr/share/man/fr/man1/vim.1.gz --slave /usr/share/man/it/man1/vi.1.gz vi.it.1.gz /usr/share/man/it/man1/vim.1.gz --slave /usr/share/man/pl/man1/vi.1.gz vi.pl.1.gz /usr/share/man/pl/man1/vim.1.gz --slave /usr/share/man/ru/man1/vi.1.gz vi.ru.1.gz /usr/share/man/ru/man1/vim.1.gz --slave /usr/share/man/ja/man1/vi.1.gz vi.ja.1.gz /usr/share/man/ja/man1/vim.1.gz --slave /usr/share/man/man1/vi.1.gz vi.1.gz /usr/share/man/man1/vim.1.gz
update-alternatives 2017-04-11 14:45:06: link group vi updated to point to /usr/bin/vim.basic
update-alternatives 2017-04-11 14:45:06: run with --install /usr/bin/view view /usr/bin/vim.basic 30 --slave /usr/share/man/fr/man1/view.1.gz view.fr.1.gz /usr/share/man/fr/man1/vim.1.gz --slave /usr/share/man/it/man1/view.1.gz view.it.1.gz /usr/share/man/it/man1/vim.1.gz --slave /usr/share/man/pl/man1/view.1.gz view.pl.1.gz /usr/share/man/pl/man1/vim.1.gz --slave /usr/share/man/ru/man1/view.1.gz view.ru.1.gz /usr/share/man/ru/man1/vim.1.gz --slave /usr/share/man/ja/man1/view.1.gz view.ja.1.gz /usr/share/man/ja/man1/vim.1.gz --slave /usr/share/man/man1/view.1.gz view.1.gz /usr/share/man/man1/vim.1.gz
update-alternatives 2017-04-11 14:45:06: link group view updated to point to /usr/bin/vim.basic
update-alternatives 2017-04-11 14:45:06: run with --install /usr/bin/ex ex /usr/bin/vim.basic 30 --slave /usr/share/man/fr/man1/ex.1.gz ex.fr.1.gz /usr/share/man/fr/man1/vim.1.gz --slave /usr/share/man/it/man1/ex.1.gz ex.it.1.gz /usr/share/man/it/man1/vim.1.gz --slave /usr/share/man/pl/man1/ex.1.gz ex.pl.1.gz /usr/share/man/pl/man1/vim.1.gz --slave /usr/share/man/ru/man1/ex.1.gz ex.ru.1.gz /usr/share/man/ru/man1/vim.1.gz --slave /usr/share/man/ja/man1/ex.1.gz ex.ja.1.gz /usr/share/man/ja/man1/vim.1.gz --slave /usr/share/man/man1/ex.1.gz ex.1.gz /usr/share/man/man1/vim.1.gz
update-alternatives 2017-04-11 14:45:06: link group ex updated to point to /usr/bin/vim.basic
update-alternatives 2017-04-11 14:45:06: run with --install /usr/bin/editor editor /usr/bin/vim.basic 30 --slave /usr/share/man/fr/man1/editor.1.gz editor.fr.1.gz /usr/share/man/fr/man1/vim.1.gz --slave /usr/share/man/it/man1/editor.1.gz editor.it.1.gz /usr/share/man/it/man1/vim.1.gz --slave /usr/share/man/pl/man1/editor.1.gz editor.pl.1.gz /usr/share/man/pl/man1/vim.1.gz --slave /usr/share/man/ru/man1/editor.1.gz editor.ru.1.gz /usr/share/man/ru/man1/vim.1.gz --slave /usr/share/man/ja/man1/editor.1.gz editor.ja.1.gz /usr/share/man/ja/man1/vim.1.gz --slave /usr/share/man/man1/editor.1.gz editor.1.gz /usr/share/man/man1/vim.1.gz
update-alternatives 2017-04-11 14:45:06: link group editor updated to point to /usr/bin/vim.basic
update-alternatives 2017-04-11 14:45:07: run with --install /etc/newt/palette newt-palette /etc/newt/palette.ubuntu 50
update-alternatives 2017-04-11 14:45:07: link group newt-palette updated to point to /etc/newt/palette.ubuntu
update-alternatives 2017-04-11 14:45:07: run with --install /etc/newt/palette newt-palette /etc/newt/palette.original 20
update-alternatives 2017-04-11 14:45:11: run with --quiet --install /usr/bin/rsh rsh /usr/bin/ssh 20 --slave /usr/share/man/man1/rsh.1.gz rsh.1.gz /usr/share/man/man1/ssh.1.gz
update-alternatives 2017-04-11 14:45:11: link group rsh updated to point to /usr/bin/ssh
update-alternatives 2017-04-11 14:45:11: run with --quiet --install /usr/bin/rlogin rlogin /usr/bin/slogin 20 --slave /usr/share/man/man1/rlogin.1.gz rlogin.1.gz /usr/share/man/man1/slogin.1.gz
update-alternatives 2017-04-11 14:45:11: link group rlogin updated to point to /usr/bin/slogin
update-alternatives 2017-04-11 14:45:11: run with --quiet --install /usr/bin/rcp rcp /usr/bin/scp 20 --slave /usr/share/man/man1/rcp.1.gz rcp.1.gz /usr/share/man/man1/scp.1.gz
update-alternatives 2017-04-11 14:45:11: link group rcp updated to point to /usr/bin/scp
update-alternatives 2017-04-11 14:45:13: run with --install /etc/vtrgb vtrgb /etc/console-setup/vtrgb 50
update-alternatives 2017-04-11 14:45:13: link group vtrgb updated to point to /etc/console-setup/vtrgb
update-alternatives 2017-04-11 14:45:13: run with --install /etc/vtrgb vtrgb /etc/console-setup/vtrgb.vga 20
update-alternatives 2017-04-11 14:45:50: run with --remove builtins.7.gz /usr/share/man/man7/bash-builtins.7.gz
update-alternatives 2017-04-11 14:45:50: link group builtins.7.gz fully removed
update-alternatives 2017-04-11 14:45:51: run with --install /usr/share/man/man7/builtins.7.gz builtins.7.gz /usr/share/man/man7/bash-builtins.7.gz 10
update-alternatives 2017-04-11 14:45:51: link group builtins.7.gz updated to point to /usr/share/man/man7/bash-builtins.7.gz
update-alternatives 2017-04-11 14:46:06: run with --install /usr/bin/pager pager /bin/more 50 --slave /usr/share/man/man1/pager.1.gz pager.1.gz /usr/share/man/man1/more.1.gz
update-alternatives 2017-04-11 14:46:06: run with --install /usr/bin/pager pager /usr/bin/pg 10 --slave /usr/share/man/man1/pager.1.gz pager.1.gz /usr/share/man/man1/pg.1.gz
update-alternatives 2017-04-11 14:46:07: run with --install /usr/sbin/rmt rmt /usr/sbin/rmt-tar 50 --slave /usr/share/man/man8/rmt.8.gz rmt.8.gz /usr/share/man/man8/rmt-tar.8.gz
update-alternatives 2017-04-11 14:46:32: run with --install /usr/bin/w w /usr/bin/w.procps 50 --slave /usr/share/man/man1/w.1.gz w.1.gz /usr/share/man/man1/w.procps.1.gz
update-alternatives 2017-04-11 14:46:58: run with --quiet --remove rlogin /usr/bin/ssh
update-alternatives 2017-04-11 14:46:58: run with --quiet --remove rcp /usr/bin/ssh
update-alternatives 2017-04-11 14:47:00: run with --quiet --install /usr/bin/pager pager /bin/less 77 --slave /usr/share/man/man1/pager.1.gz pager.1.gz /usr/share/man/man1/less.1.gz
update-alternatives 2017-04-11 14:47:00: run with --quiet --remove pager /usr/bin/less
update-alternatives 2017-04-11 14:47:01: run with --quiet --install /usr/bin/pager pager /bin/less 77 --slave /usr/share/man/man1/pager.1.gz pager.1.gz /usr/share/man/man1/less.1.gz
update-alternatives 2017-04-11 14:47:01: run with --quiet --remove pager /usr/bin/less
update-alternatives 2017-04-11 14:47:01: run with --install /usr/bin/vim vim /usr/bin/vim.basic 30
update-alternatives 2017-04-11 14:47:01: run with --install /usr/bin/vimdiff vimdiff /usr/bin/vim.basic 30
update-alternatives 2017-04-11 14:47:01: run with --install /usr/bin/rvim rvim /usr/bin/vim.basic 30
update-alternatives 2017-04-11 14:47:02: run with --install /usr/bin/rview rview /usr/bin/vim.basic 30
update-alternatives 2017-04-11 14:47:02: run with --install /usr/bin/vi vi /usr/bin/vim.basic 30 --slave /usr/share/man/fr/man1/vi.1.gz vi.fr.1.gz /usr/share/man/fr/man1/vim.1.gz --slave /usr/share/man/it/man1/vi.1.gz vi.it.1.gz /usr/share/man/it/man1/vim.1.gz --slave /usr/share/man/pl/man1/vi.1.gz vi.pl.1.gz /usr/share/man/pl/man1/vim.1.gz --slave /usr/share/man/ru/man1/vi.1.gz vi.ru.1.gz /usr/share/man/ru/man1/vim.1.gz --slave /usr/share/man/ja/man1/vi.1.gz vi.ja.1.gz /usr/share/man/ja/man1/vim.1.gz --slave /usr/share/man/man1/vi.1.gz vi.1.gz /usr/share/man/man1/vim.1.gz
update-alternatives 2017-04-11 14:47:02: run with --install /usr/bin/view view /usr/bin/vim.basic 30 --slave /usr/share/man/fr/man1/view.1.gz view.fr.1.gz /usr/share/man/fr/man1/vim.1.gz --slave /usr/share/man/it/man1/view.1.gz view.it.1.gz /usr/share/man/it/man1/vim.1.gz --slave /usr/share/man/pl/man1/view.1.gz view.pl.1.gz /usr/share/man/pl/man1/vim.1.gz --slave /usr/share/man/ru/man1/view.1.gz view.ru.1.gz /usr/share/man/ru/man1/vim.1.gz --slave /usr/share/man/ja/man1/view.1.gz view.ja.1.gz /usr/share/man/ja/man1/vim.1.gz --slave /usr/share/man/man1/view.1.gz view.1.gz /usr/share/man/man1/vim.1.gz
update-alternatives 2017-04-11 14:47:02: run with --install /usr/bin/ex ex /usr/bin/vim.basic 30 --slave /usr/share/man/fr/man1/ex.1.gz ex.fr.1.gz /usr/share/man/fr/man1/vim.1.gz --slave /usr/share/man/it/man1/ex.1.gz ex.it.1.gz /usr/share/man/it/man1/vim.1.gz --slave /usr/share/man/pl/man1/ex.1.gz ex.pl.1.gz /usr/share/man/pl/man1/vim.1.gz --slave /usr/share/man/ru/man1/ex.1.gz ex.ru.1.gz /usr/share/man/ru/man1/vim.1.gz --slave /usr/share/man/ja/man1/ex.1.gz ex.ja.1.gz /usr/share/man/ja/man1/vim.1.gz --slave /usr/share/man/man1/ex.1.gz ex.1.gz /usr/share/man/man1/vim.1.gz
update-alternatives 2017-04-11 14:47:02: run with --install /usr/bin/editor editor /usr/bin/vim.basic 30 --slave /usr/share/man/fr/man1/editor.1.gz editor.fr.1.gz /usr/share/man/fr/man1/vim.1.gz --slave /usr/share/man/it/man1/editor.1.gz editor.it.1.gz /usr/share/man/it/man1/vim.1.gz --slave /usr/share/man/pl/man1/editor.1.gz editor.pl.1.gz /usr/share/man/pl/man1/vim.1.gz --slave /usr/share/man/ru/man1/editor.1.gz editor.ru.1.gz /usr/share/man/ru/man1/vim.1.gz --slave /usr/share/man/ja/man1/editor.1.gz editor.ja.1.gz /usr/share/man/ja/man1/vim.1.gz --slave /usr/share/man/man1/editor.1.gz editor.1.gz /usr/share/man/man1/vim.1.gz
update-alternatives 2017-04-11 14:47:02: run with --install /usr/bin/rview rview /usr/bin/vim.tiny 10
update-alternatives 2017-04-11 14:47:02: run with --install /usr/bin/vi vi /usr/bin/vim.tiny 10 --slave /usr/share/man/fr/man1/vi.1.gz vi.fr.1.gz /usr/share/man/fr/man1/vim.1.gz --slave /usr/share/man/it/man1/vi.1.gz vi.it.1.gz /usr/share/man/it/man1/vim.1.gz --slave /usr/share/man/pl/man1/vi.1.gz vi.pl.1.gz /usr/share/man/pl/man1/vim.1.gz --slave /usr/share/man/ru/man1/vi.1.gz vi.ru.1.gz /usr/share/man/ru/man1/vim.1.gz --slave /usr/share/man/ja/man1/vi.1.gz vi.ja.1.gz /usr/share/man/ja/man1/vim.1.gz --slave /usr/share/man/man1/vi.1.gz vi.1.gz /usr/share/man/man1/vim.1.gz
update-alternatives 2017-04-11 14:47:02: run with --install /usr/bin/view view /usr/bin/vim.tiny 10 --slave /usr/share/man/fr/man1/view.1.gz view.fr.1.gz /usr/share/man/fr/man1/vim.1.gz --slave /usr/share/man/it/man1/view.1.gz view.it.1.gz /usr/share/man/it/man1/vim.1.gz --slave /usr/share/man/pl/man1/view.1.gz view.pl.1.gz /usr/share/man/pl/man1/vim.1.gz --slave /usr/share/man/ru/man1/view.1.gz view.ru.1.gz /usr/share/man/ru/man1/vim.1.gz --slave /usr/share/man/ja/man1/view.1.gz view.ja.1.gz /usr/share/man/ja/man1/vim.1.gz --slave /usr/share/man/man1/view.1.gz view.1.gz /usr/share/man/man1/vim.1.gz
update-alternatives 2017-04-11 14:47:02: run with --install /usr/bin/ex ex /usr/bin/vim.tiny 10 --slave /usr/share/man/fr/man1/ex.1.gz ex.fr.1.gz /usr/share/man/fr/man1/vim.1.gz --slave /usr/share/man/it/man1/ex.1.gz ex.it.1.gz /usr/share/man/it/man1/vim.1.gz --slave /usr/share/man/pl/man1/ex.1.gz ex.pl.1.gz /usr/share/man/pl/man1/vim.1.gz --slave /usr/share/man/ru/man1/ex.1.gz ex.ru.1.gz /usr/share/man/ru/man1/vim.1.gz --slave /usr/share/man/ja/man1/ex.1.gz ex.ja.1.gz /usr/share/man/ja/man1/vim.1.gz --slave /usr/share/man/man1/ex.1.gz ex.1.gz /usr/share/man/man1/vim.1.gz
update-alternatives 2017-04-11 14:47:02: run with --install /usr/bin/editor editor /usr/bin/vim.tiny 10 --slave /usr/share/man/fr/man1/editor.1.gz editor.fr.1.gz /usr/share/man/fr/man1/vim.1.gz --slave /usr/share/man/it/man1/editor.1.gz editor.it.1.gz /usr/share/man/it/man1/vim.1.gz --slave /usr/share/man/pl/man1/editor.1.gz editor.pl.1.gz /usr/share/man/pl/man1/vim.1.gz --slave /usr/share/man/ru/man1/editor.1.gz editor.ru.1.gz /usr/share/man/ru/man1/vim.1.gz --slave /usr/share/man/ja/man1/editor.1.gz editor.ja.1.gz /usr/share/man/ja/man1/vim.1.gz --slave /usr/share/man/man1/editor.1.gz editor.1.gz /usr/share/man/man1/vim.1.gz
update-alternatives 2017-04-11 14:47:02: run with --install /etc/vtrgb vtrgb /etc/console-setup/vtrgb 50
update-alternatives 2017-04-11 14:47:02: run with --install /etc/vtrgb vtrgb /etc/console-setup/vtrgb.vga 20
update-alternatives 2017-04-13 09:10:23: run with --install /usr/bin/rename rename /usr/bin/prename 60 --slave /usr/share/man/man1/rename.1.gz rename.1.gz /usr/share/man/man1/prename.1.gz
update-alternatives 2017-04-13 09:10:23: link group rename updated to point to /usr/bin/prename
update-alternatives 2017-04-13 09:10:24: run with --install /usr/bin/rename rename /usr/bin/file-rename 70 --slave /usr/share/man/man1/rename.1.gz rename.1.gz /usr/share/man/man1/file-rename.1p.gz
update-alternatives 2017-04-13 09:10:24: link group rename updated to point to /usr/bin/file-rename
update-alternatives 2017-04-13 09:49:57: run with --install /usr/bin/write write /usr/bin/bsd-write 100 --slave /usr/share/man/man1/write.1.gz write.1.gz /usr/share/man/man1/bsd-write.1.gz
update-alternatives 2017-04-13 09:49:57: link group write updated to point to /usr/bin/bsd-write
update-alternatives 2017-04-13 09:49:57: run with --install /usr/bin/from from /usr/bin/bsd-from 10 --slave /usr/share/man/man1/from.1.gz from.1.gz /usr/share/man/man1/bsd-from.1.gz
update-alternatives 2017-04-13 09:49:57: link group from updated to point to /usr/bin/bsd-from
update-alternatives 2017-04-13 09:50:11: run with --install /usr/lib/i386-linux-gnu/libtxc_dxtn.so libtxc-dxtn-i386-linux-gnu /usr/lib/i386-linux-gnu/libtxc_dxtn_s2tc.so.0 10
update-alternatives 2017-04-13 09:50:11: link group libtxc-dxtn-i386-linux-gnu updated to point to /usr/lib/i386-linux-gnu/libtxc_dxtn_s2tc.so.0
update-alternatives 2017-04-13 09:50:16: run with --force --install /etc/ld.so.conf.d/i386-linux-gnu_EGL.conf i386-linux-gnu_egl_conf /usr/lib/i386-linux-gnu/mesa-egl/ld.so.conf 500
update-alternatives 2017-04-13 09:50:16: link group i386-linux-gnu_egl_conf updated to point to /usr/lib/i386-linux-gnu/mesa-egl/ld.so.conf
update-alternatives 2017-04-13 09:50:18: run with --force --install /etc/ld.so.conf.d/i386-linux-gnu_GL.conf i386-linux-gnu_gl_conf /usr/lib/i386-linux-gnu/mesa/ld.so.conf 500 --slave /usr/lib/i386-linux-gnu/xorg/extra-modules i386-linux-gnu_xorg_extra_modules /usr/lib/i386-linux-gnu/xorg/x11-extra-modules
update-alternatives 2017-04-13 09:50:18: link group i386-linux-gnu_gl_conf updated to point to /usr/lib/i386-linux-gnu/mesa/ld.so.conf
update-alternatives 2017-04-13 09:50:19: run with --install /usr/bin/gnome-text-editor gnome-text-editor /usr/bin/gedit 50 --slave /usr/share/man/man1/gnome-text-editor.1.gz gnome-text-editor.1.gz /usr/share/man/man1/gedit.1.gz
update-alternatives 2017-04-13 09:50:19: link group gnome-text-editor updated to point to /usr/bin/gedit
update-alternatives 2017-04-13 09:50:20: run with --install /usr/share/icons/default/index.theme x-cursor-theme /usr/share/icons/Adwaita/cursor.theme 90
update-alternatives 2017-04-13 09:50:20: link group x-cursor-theme updated to point to /usr/share/icons/Adwaita/cursor.theme
update-alternatives 2017-04-13 09:50:56: run with --remove gnome-text-editor /usr/bin/gedit
update-alternatives 2017-04-13 09:50:56: link group gnome-text-editor fully removed
update-alternatives 2017-04-13 09:53:43: run with --install /usr/bin/rmid rmid /usr/lib/jvm/java-8-openjdk-i386/jre/bin/rmid 1081 --slave /usr/share/man/man1/rmid.1.gz rmid.1.gz /usr/lib/jvm/java-8-openjdk-i386/jre/man/man1/rmid.1.gz
update-alternatives 2017-04-13 09:53:43: link group rmid updated to point to /usr/lib/jvm/java-8-openjdk-i386/jre/bin/rmid
update-alternatives 2017-04-13 09:53:43: run with --install /usr/bin/java java /usr/lib/jvm/java-8-openjdk-i386/jre/bin/java 1081 --slave /usr/share/man/man1/java.1.gz java.1.gz /usr/lib/jvm/java-8-openjdk-i386/jre/man/man1/java.1.gz
update-alternatives 2017-04-13 09:53:43: link group java updated to point to /usr/lib/jvm/java-8-openjdk-i386/jre/bin/java
update-alternatives 2017-04-13 09:53:43: run with --install /usr/bin/keytool keytool /usr/lib/jvm/java-8-openjdk-i386/jre/bin/keytool 1081 --slave /usr/share/man/man1/keytool.1.gz keytool.1.gz /usr/lib/jvm/java-8-openjdk-i386/jre/man/man1/keytool.1.gz
update-alternatives 2017-04-13 09:53:43: link group keytool updated to point to /usr/lib/jvm/java-8-openjdk-i386/jre/bin/keytool
update-alternatives 2017-04-13 09:53:43: run with --install /usr/bin/jjs jjs /usr/lib/jvm/java-8-openjdk-i386/jre/bin/jjs 1081 --slave /usr/share/man/man1/jjs.1.gz jjs.1.gz /usr/lib/jvm/java-8-openjdk-i386/jre/man/man1/jjs.1.gz
update-alternatives 2017-04-13 09:53:43: link group jjs updated to point to /usr/lib/jvm/java-8-openjdk-i386/jre/bin/jjs
update-alternatives 2017-04-13 09:53:43: run with --install /usr/bin/pack200 pack200 /usr/lib/jvm/java-8-openjdk-i386/jre/bin/pack200 1081 --slave /usr/share/man/man1/pack200.1.gz pack200.1.gz /usr/lib/jvm/java-8-openjdk-i386/jre/man/man1/pack200.1.gz
update-alternatives 2017-04-13 09:53:43: link group pack200 updated to point to /usr/lib/jvm/java-8-openjdk-i386/jre/bin/pack200
update-alternatives 2017-04-13 09:53:43: run with --install /usr/bin/rmiregistry rmiregistry /usr/lib/jvm/java-8-openjdk-i386/jre/bin/rmiregistry 1081 --slave /usr/share/man/man1/rmiregistry.1.gz rmiregistry.1.gz /usr/lib/jvm/java-8-openjdk-i386/jre/man/man1/rmiregistry.1.gz
update-alternatives 2017-04-13 09:53:43: link group rmiregistry updated to point to /usr/lib/jvm/java-8-openjdk-i386/jre/bin/rmiregistry
update-alternatives 2017-04-13 09:53:43: run with --install /usr/bin/unpack200 unpack200 /usr/lib/jvm/java-8-openjdk-i386/jre/bin/unpack200 1081 --slave /usr/share/man/man1/unpack200.1.gz unpack200.1.gz /usr/lib/jvm/java-8-openjdk-i386/jre/man/man1/unpack200.1.gz
update-alternatives 2017-04-13 09:53:43: link group unpack200 updated to point to /usr/lib/jvm/java-8-openjdk-i386/jre/bin/unpack200
update-alternatives 2017-04-13 09:53:43: run with --install /usr/bin/orbd orbd /usr/lib/jvm/java-8-openjdk-i386/jre/bin/orbd 1081 --slave /usr/share/man/man1/orbd.1.gz orbd.1.gz /usr/lib/jvm/java-8-openjdk-i386/jre/man/man1/orbd.1.gz
update-alternatives 2017-04-13 09:53:43: link group orbd updated to point to /usr/lib/jvm/java-8-openjdk-i386/jre/bin/orbd
update-alternatives 2017-04-13 09:53:43: run with --install /usr/bin/servertool servertool /usr/lib/jvm/java-8-openjdk-i386/jre/bin/servertool 1081 --slave /usr/share/man/man1/servertool.1.gz servertool.1.gz /usr/lib/jvm/java-8-openjdk-i386/jre/man/man1/servertool.1.gz
update-alternatives 2017-04-13 09:53:43: link group servertool updated to point to /usr/lib/jvm/java-8-openjdk-i386/jre/bin/servertool
update-alternatives 2017-04-13 09:53:43: run with --install /usr/bin/tnameserv tnameserv /usr/lib/jvm/java-8-openjdk-i386/jre/bin/tnameserv 1081 --slave /usr/share/man/man1/tnameserv.1.gz tnameserv.1.gz /usr/lib/jvm/java-8-openjdk-i386/jre/man/man1/tnameserv.1.gz
update-alternatives 2017-04-13 09:53:43: link group tnameserv updated to point to /usr/lib/jvm/java-8-openjdk-i386/jre/bin/tnameserv
update-alternatives 2017-04-13 09:53:43: run with --install /usr/bin/jexec jexec /usr/lib/jvm/java-8-openjdk-i386/jre/lib/jexec 1081 --slave /usr/share/binfmts/jar jexec-binfmt /usr/lib/jvm/java-8-openjdk-i386/jre/lib/jar.binfmt
update-alternatives 2017-04-13 09:53:43: link group jexec updated to point to /usr/lib/jvm/java-8-openjdk-i386/jre/lib/jexec
update-alternatives 2017-04-13 09:53:45: run with --install /usr/bin/mvn mvn /usr/share/maven/bin/mvn 300 --slave /usr/bin/mvnDebug mvnDebug /usr/share/maven/bin/mvnDebug --slave /usr/share/man/man1/mvn.1.gz mvn.1.gz /usr/share/maven/man/mvn.1.gz --slave /usr/share/man/man1/mvnDebug.1.gz mvnDebug.1.gz /usr/share/maven/man/mvnDebug.1.gz
update-alternatives 2017-04-13 09:53:45: link group mvn updated to point to /usr/share/maven/bin/mvn
